<?xml version="1.0" encoding="UTF-8"?>
<testsuite xmlns:xsi="http://www.w3.org/2001/XMLSchema-instance" xsi:noNamespaceSchemaLocation="https://maven.apache.org/surefire/maven-surefire-plugin/xsd/surefire-test-report-3.0.xsd" version="3.0" name="org.sakaiproject.util.ToolListenerTest" time="0.32" tests="9" errors="0" skipped="0" failures="0">
  <properties>
[...]
</properties>
  <testcase name="testMessageBundleWebInf" classname="org.sakaiproject.util.ToolListenerTest" time="0.275"/>
  <testcase name="testWebInfRegistration" classname="org.sakaiproject.util.ToolListenerTest" time="0.019"/>
  <testcase name="testToolOverride" classname="org.sakaiproject.util.ToolListenerTest" time="0.003"/>
  <testcase name="testNoRegistration" classname="org.sakaiproject.util.ToolListenerTest" time="0.003"/>
  <testcase name="testToolsRegistration" classname="org.sakaiproject.util.ToolListenerTest" time="0.001"/>
  <testcase name="testMessageBundle" classname="org.sakaiproject.util.ToolListenerTest" time="0.003"/>
  <testcase name="testIgnoreFiles" classname="org.sakaiproject.util.ToolListenerTest" time="0.001"/>
  <testcase name="testMultipleRegistrations" classname="org.sakaiproject.util.ToolListenerTest" time="0.002"/>
  <testcase name="testCustomLocation" classname="org.sakaiproject.util.ToolListenerTest" time="0.001"/>
</testsuite>