<?xml version="1.0" encoding="UTF-8"?>
<testsuite xmlns:xsi="http://www.w3.org/2001/XMLSchema-instance" xsi:noNamespaceSchemaLocation="https://maven.apache.org/surefire/maven-surefire-plugin/xsd/surefire-test-report-3.0.xsd" version="3.0" name="org.sakaiproject.util.ComponentsLoaderTest" time="1.206" tests="8" errors="0" skipped="0" failures="0">
  <properties>
[...]
</properties>
  <testcase name="testLoadDispatch" classname="org.sakaiproject.util.ComponentsLoaderTest" time="0.675"/>
  <testcase name="testSetsAndUnsetsPackageClassLoaderAsThreadContextClassLoader" classname="org.sakaiproject.util.ComponentsLoaderTest" time="0.024"/>
  <testcase name="testLoadRegistersMultipleComponentsWithComponentManager" classname="org.sakaiproject.util.ComponentsLoaderTest" time="0.095"/>
  <testcase name="testComponentLoadOrder" classname="org.sakaiproject.util.ComponentsLoaderTest" time="0.071"/>
  <testcase name="testLoadRegistersComponentWithComponentManager" classname="org.sakaiproject.util.ComponentsLoaderTest" time="0.033"/>
  <testcase name="testLoadComponentPackageDispatch" classname="org.sakaiproject.util.ComponentsLoaderTest" time="0.028"/>
  <testcase name="testLoadRegisterJarComponentWithManager" classname="org.sakaiproject.util.ComponentsLoaderTest" time="0.05"/>
  <testcase name="testJarLoadOrder" classname="org.sakaiproject.util.ComponentsLoaderTest" time="0.074"/>
</testsuite>