<?xml version="1.0" encoding="UTF-8"?>
<testsuite xmlns:xsi="http://www.w3.org/2001/XMLSchema-instance" xsi:noNamespaceSchemaLocation="https://maven.apache.org/surefire/maven-surefire-plugin/xsd/surefire-test-report-3.0.xsd" version="3.0" name="org.sakaiproject.content.impl.test.ContentHostingServiceRecycleTest" time="4.952" tests="4" errors="0" skipped="0" failures="0">
  <properties>
[...]
</properties>
  <testcase name="testDeleteResourceTwice" classname="org.sakaiproject.content.impl.test.ContentHostingServiceRecycleTest" time="0.145"/>
  <testcase name="testDeleteResource" classname="org.sakaiproject.content.impl.test.ContentHostingServiceRecycleTest" time="0.026"/>
  <testcase name="testRestoreOnOverquota" classname="org.sakaiproject.content.impl.test.ContentHostingServiceRecycleTest" time="0.085"/>
  <testcase name="testDeleteResourceRestoreOnTop" classname="org.sakaiproject.content.impl.test.ContentHostingServiceRecycleTest" time="0.049"/>
</testsuite>